<?xml version="1.0" encoding="UTF-8"?>
<!-- Generated by org.testng.reporters.JUnitXMLReporter -->
<testsuite ignored="0" hostname="DESKTOP-HOFM65N" failures="1" tests="2" name="Account Summary Tests " time="15.82" errors="0" timestamp="2021-02-07T22:19:15 EET">
  <testcase classname="zeroBankTests.AccountSummaryCreditCardAccounts" name="CreditCardVerfyValid" time="3.208"/>
  <testcase classname="zeroBankTests.AccountSummaryCreditCardAccounts" name="CreditCardVerfyInvalid" time="0.04">
    <failure type="java.lang.AssertionError" message="expected [VISA 4485-5368-3381-1111] but found [VISA 4485-5368-3381-1879]">
      <![CDATA[java.lang.AssertionError: expected [VISA 4485-5368-3381-1111] but found [VISA 4485-5368-3381-1879]
at zeroBankTests.AccountSummaryCreditCardAccounts.CreditCardVerfyInvalid(AccountSummaryCreditCardAccounts.java:80)
at java.base/java.util.ArrayList.forEach(ArrayList.java:1511)
... Removed 33 stack frames]]>
    </failure>
  </testcase> <!-- CreditCardVerfyInvalid -->
</testsuite> <!-- Account Summary Tests  -->
