<?xml version="1.0" encoding="UTF-8"?>
<!-- Generated by org.testng.reporters.JUnitXMLReporter -->
<testsuite hostname="DESKTOP-A0381QT" ignored="12" name="Insly Test" tests="7" failures="5" timestamp="06 May 2019 21:29:58 GMT" time="246.723" errors="0">
  <testcase name="TC_01_titleCheck_and_FormVerify" time="14.119" classname="inslyTests.TC_01_verify_Title_and_Form">
    <failure type="com.assertthat.selenium_shutterbug.utils.image.UnableToCompareImagesException" message="Images dimensions mismatch: image1 - 3797x3755; image2 - 1898x1867">
      <![CDATA[com.assertthat.selenium_shutterbug.utils.image.UnableToCompareImagesException: Images dimensions mismatch: image1 - 3797x3755; image2 - 1898x1867
at com.assertthat.selenium_shutterbug.utils.image.ImageProcessor.imagesAreEqualsWithDiff(ImageProcessor.java:155)
at com.assertthat.selenium_shutterbug.core.Snapshot.equalsWithDiff(Snapshot.java:215)
at insly.base.imageComparator(base.java:178)
at inslyTests.TC_01_verify_Title_and_Form.TC_01_titleCheck_and_FormVerify(TC_01_verify_Title_and_Form.java:43)
... Removed 25 stack frames]]>
    </failure>
  </testcase> <!-- TC_01_titleCheck_and_FormVerify -->
  <testcase name="TC_02_Verify_auto_addressFillUp" time="5.12" classname="inslyTests.TC_02_verify_AutoFillUp">
    <failure type="com.assertthat.selenium_shutterbug.utils.image.UnableToCompareImagesException" message="Images dimensions mismatch: image1 - 3797x3755; image2 - 1898x1867">
      <![CDATA[com.assertthat.selenium_shutterbug.utils.image.UnableToCompareImagesException: Images dimensions mismatch: image1 - 3797x3755; image2 - 1898x1867
at com.assertthat.selenium_shutterbug.utils.image.ImageProcessor.imagesAreEqualsWithDiff(ImageProcessor.java:155)
at com.assertthat.selenium_shutterbug.core.Snapshot.equalsWithDiff(Snapshot.java:215)
at insly.base.imageComparator(base.java:178)
at inslyTests.TC_02_verify_AutoFillUp.TC_02_Verify_auto_addressFillUp(TC_02_verify_AutoFillUp.java:38)
... Removed 25 stack frames]]>
    </failure>
  </testcase> <!-- TC_02_Verify_auto_addressFillUp -->
  <testcase name="TC_03_SignUp_and_Verify_loginURL" time="22.831" classname="inslyTests.TC_03_SignUp_and_Verify_URL">
    <failure type="java.lang.AssertionError" message="expected [true] but found [false]">
      <![CDATA[java.lang.AssertionError: expected [true] but found [false]
at insly.base.URLverify(base.java:334)
at inslyTests.TC_03_SignUp_and_Verify_URL.TC_03_SignUp_and_Verify_loginURL(TC_03_SignUp_and_Verify_URL.java:74)
... Removed 29 stack frames]]>
    </failure>
  </testcase> <!-- TC_03_SignUp_and_Verify_loginURL -->
  <testcase name="TC_04_SignUp_and_verify_LogedIn_as_User" time="25.976" classname="inslyTests.TC_04_SignUp_and_verify_LogedIn_as_User">
    <failure type="java.lang.AssertionError" message="expected [true] but found [false]">
      <![CDATA[java.lang.AssertionError: expected [true] but found [false]
at insly.base.URLverify(base.java:334)
at inslyTests.TC_04_SignUp_and_verify_LogedIn_as_User.TC_04_SignUp_and_verify_LogedIn_as_User(TC_04_SignUp_and_verify_LogedIn_as_User.java:82)
... Removed 29 stack frames]]>
    </failure>
  </testcase> <!-- TC_04_SignUp_and_verify_LogedIn_as_User -->
  <testcase name="TC_05_VerifyFieldsErrorMessages" time="2.367" classname="inslyTests.TC_05_SignUpForm_ErrorMessages"/>
  <testcase name="TC_06_SignUpForm_ErrorMessages2" time="2.067" classname="inslyTests.TC_06_SignUpForm_ErrorMessages2"/>
  <testcase name="TC_07_SignUp_and_Login" time="22.028" classname="inslyTests.TC_07_SignUp_and_Login">
    <failure type="java.lang.AssertionError" message="expected [true] but found [false]">
      <![CDATA[java.lang.AssertionError: expected [true] but found [false]
at insly.base.URLverify(base.java:334)
at inslyTests.TC_07_SignUp_and_Login.TC_07_SignUp_and_Login(TC_07_SignUp_and_Login.java:76)
... Removed 29 stack frames]]>
    </failure>
  </testcase> <!-- TC_07_SignUp_and_Login -->
  <testcase name="@AfterSuite afterSuite" time="0.0" classname="insly.base">
    <ignored/>
  </testcase> <!-- @AfterSuite afterSuite -->
  <testcase name="@AfterSuite afterSuite" time="0.0" classname="insly.base">
    <ignored/>
  </testcase> <!-- @AfterSuite afterSuite -->
  <testcase name="@AfterSuite afterSuite" time="0.0" classname="insly.base">
    <ignored/>
  </testcase> <!-- @AfterSuite afterSuite -->
  <testcase name="@AfterSuite afterSuite" time="0.0" classname="insly.base">
    <ignored/>
  </testcase> <!-- @AfterSuite afterSuite -->
  <testcase name="@AfterSuite afterSuite" time="0.0" classname="insly.base">
    <ignored/>
  </testcase> <!-- @AfterSuite afterSuite -->
  <testcase name="@AfterSuite afterSuite" time="0.0" classname="insly.base">
    <ignored/>
  </testcase> <!-- @AfterSuite afterSuite -->
  <testcase name="@BeforeSuite beforeSuite" time="0.0" classname="insly.base">
    <ignored/>
  </testcase> <!-- @BeforeSuite beforeSuite -->
  <testcase name="@BeforeSuite beforeSuite" time="0.0" classname="insly.base">
    <ignored/>
  </testcase> <!-- @BeforeSuite beforeSuite -->
  <testcase name="@BeforeSuite beforeSuite" time="0.0" classname="insly.base">
    <ignored/>
  </testcase> <!-- @BeforeSuite beforeSuite -->
  <testcase name="@BeforeSuite beforeSuite" time="0.0" classname="insly.base">
    <ignored/>
  </testcase> <!-- @BeforeSuite beforeSuite -->
  <testcase name="@BeforeSuite beforeSuite" time="0.0" classname="insly.base">
    <ignored/>
  </testcase> <!-- @BeforeSuite beforeSuite -->
  <testcase name="@BeforeSuite beforeSuite" time="0.0" classname="insly.base">
    <ignored/>
  </testcase> <!-- @BeforeSuite beforeSuite -->
</testsuite> <!-- Insly Test -->
