<html>
<head>
<title>TestNG:  Insly Test</title>
<link href="../testng.css" rel="stylesheet" type="text/css" />
<link href="../my-testng.css" rel="stylesheet" type="text/css" />

<style type="text/css">
.log { display: none;} 
.stack-trace { display: none;} 
</style>
<script type="text/javascript">
<!--
function flip(e) {
  current = e.style.display;
  if (current == 'block') {
    e.style.display = 'none';
    return 0;
  }
  else {
    e.style.display = 'block';
    return 1;
  }
}

function toggleBox(szDivId, elem, msg1, msg2)
{
  var res = -1;  if (document.getElementById) {
    res = flip(document.getElementById(szDivId));
  }
  else if (document.all) {
    // this is the way old msie versions work
    res = flip(document.all[szDivId]);
  }
  if(elem) {
    if(res == 0) elem.innerHTML = msg1; else elem.innerHTML = msg2;
  }

}

function toggleAllBoxes() {
  if (document.getElementsByTagName) {
    d = document.getElementsByTagName('div');
    for (i = 0; i < d.length; i++) {
      if (d[i].className == 'log') {
        flip(d[i]);
      }
    }
  }
}

// -->
</script>

</head>
<body>
<h2 align='center'>Insly Test</h2><table border='1' align="center">
<tr>
<td>Tests passed/Failed/Skipped:</td><td>2/5/0</td>
</tr><tr>
<td>Started on:</td><td>Tue May 07 00:25:51 EEST 2019</td>
</tr>
<tr><td>Total time:</td><td>246 seconds (246723 ms)</td>
</tr><tr>
<td>Included groups:</td><td></td>
</tr><tr>
<td>Excluded groups:</td><td></td>
</tr>
</table><p/>
<small><i>(Hover the method name to see the test class name)</i></small><p/>
<table width='100%' border='1' class='invocation-failed'>
<tr><td colspan='4' align='center'><b>FAILED TESTS</b></td></tr>
<tr><td><b>Test method</b></td>
<td width="30%"><b>Exception</b></td>
<td width="10%"><b>Time (seconds)</b></td>
<td><b>Instance</b></td>
</tr>
<tr>
<td title='inslyTests.TC_01_verify_Title_and_Form.TC_01_titleCheck_and_FormVerify()'><b>TC_01_titleCheck_and_FormVerify</b><br>Test class: inslyTests.TC_01_verify_Title_and_Form<br>Test method: TC01 asserts'Sign up and start using' is showen and the form looks accordig the image 0<br/>
<a href="#Output-2050462663" onClick='toggleBox("Output-2050462663", this, "Show output", "Hide output");'>Show output</a>

<a href="#Output-2050462663" onClick="toggleAllBoxes();">Show all outputs</a>
<div class='log' id="Output-2050462663">
Starting test method:TC_01_titleCheck_and_FormVerify<br/>
URL is Verified<br/>
Page title  is Verified<br/>
 Enter value : <br/>
 Enter value : <br/>
 Enter value : <br/>
 Enter value : <br/>
 Enter value : <br/>
 Enter value : <br/>
Text : You can invite your colleagues from here and they will get their own user access to your Company account - is Verified<br/>
All elements on Signup page are Displayed<br/>
TC_01_titleCheck_and_FormVerify is Failed<br/>
Click to see Screenshot<br/>
<a href=C:\Users\Plamen\eclipse-workspace\insly\screenshots\Tue_May_07_00_26_23_EEST_2019.png></a><br/>
<br>  <img src='C:\Users\Plamen\eclipse-workspace\insly\screenshots\Tue_May_07_00_26_23_EEST_2019.png' height='200' width='200' /><br><br/>
<a target="_blank" href=C:\Users\Plamen\eclipse-workspace\insly\screenshots\Tue_May_07_00_26_23_EEST_2019.png>Screenshot</a><br/>
</div>
</td>
<td><div><pre>com.assertthat.selenium_shutterbug.utils.image.UnableToCompareImagesException: Images dimensions mismatch: image1 - 3797x3755; image2 - 1898x1867
	at com.assertthat.selenium_shutterbug.utils.image.ImageProcessor.imagesAreEqualsWithDiff(ImageProcessor.java:155)
	at com.assertthat.selenium_shutterbug.core.Snapshot.equalsWithDiff(Snapshot.java:215)
	at insly.base.imageComparator(base.java:178)
	at inslyTests.TC_01_verify_Title_and_Form.TC_01_titleCheck_and_FormVerify(TC_01_verify_Title_and_Form.java:43)
... Removed 25 stack frames</pre></div><a href='#' onClick='toggleBox("stack-trace2050462663", this, "Click to show all stack frames", "Click to hide stack frames")'>Click to show all stack frames</a>
<div class='stack-trace' id='stack-trace2050462663'><pre>com.assertthat.selenium_shutterbug.utils.image.UnableToCompareImagesException: Images dimensions mismatch: image1 - 3797x3755; image2 - 1898x1867
	at com.assertthat.selenium_shutterbug.utils.image.ImageProcessor.imagesAreEqualsWithDiff(ImageProcessor.java:155)
	at com.assertthat.selenium_shutterbug.core.Snapshot.equalsWithDiff(Snapshot.java:215)
	at insly.base.imageComparator(base.java:178)
	at inslyTests.TC_01_verify_Title_and_Form.TC_01_titleCheck_and_FormVerify(TC_01_verify_Title_and_Form.java:43)
	at sun.reflect.NativeMethodAccessorImpl.invoke0(Native Method)
	at sun.reflect.NativeMethodAccessorImpl.invoke(NativeMethodAccessorImpl.java:62)
	at sun.reflect.DelegatingMethodAccessorImpl.invoke(DelegatingMethodAccessorImpl.java:43)
	at java.lang.reflect.Method.invoke(Method.java:498)
	at org.testng.internal.MethodInvocationHelper.invokeMethod(MethodInvocationHelper.java:124)
	at org.testng.internal.Invoker.invokeMethod(Invoker.java:580)
	at org.testng.internal.Invoker.invokeTestMethod(Invoker.java:716)
	at org.testng.internal.Invoker.invokeTestMethods(Invoker.java:988)
	at org.testng.internal.TestMethodWorker.invokeTestMethods(TestMethodWorker.java:125)
	at org.testng.internal.TestMethodWorker.run(TestMethodWorker.java:109)
	at org.testng.TestRunner.privateRun(TestRunner.java:648)
	at org.testng.TestRunner.run(TestRunner.java:505)
	at org.testng.SuiteRunner.runTest(SuiteRunner.java:455)
	at org.testng.SuiteRunner.runSequentially(SuiteRunner.java:450)
	at org.testng.SuiteRunner.privateRun(SuiteRunner.java:415)
	at org.testng.SuiteRunner.run(SuiteRunner.java:364)
	at org.testng.SuiteRunnerWorker.runSuite(SuiteRunnerWorker.java:52)
	at org.testng.SuiteRunnerWorker.run(SuiteRunnerWorker.java:84)
	at org.testng.TestNG.runSuitesSequentially(TestNG.java:1208)
	at org.testng.TestNG.runSuitesLocally(TestNG.java:1137)
	at org.testng.TestNG.runSuites(TestNG.java:1049)
	at org.testng.TestNG.run(TestNG.java:1017)
	at org.testng.remote.AbstractRemoteTestNG.run(AbstractRemoteTestNG.java:114)
	at org.testng.remote.RemoteTestNG.initAndRun(RemoteTestNG.java:251)
	at org.testng.remote.RemoteTestNG.main(RemoteTestNG.java:77)
</pre></div></td>
<td>14</td>
<td>inslyTests.TC_01_verify_Title_and_Form@365c30cc</td></tr>
<tr>
<td title='inslyTests.TC_02_verify_AutoFillUp.TC_02_Verify_auto_addressFillUp()'><b>TC_02_Verify_auto_addressFillUp</b><br>Test class: inslyTests.TC_02_verify_AutoFillUp<br>Test method: Verify the autfillup in the 'your insly address' field and other fields working<br>Parameters: myFirstTestCompanyName, Greece, Insurance Agency, 6-10, I am a tech guy<br/>
<a href="#Output-1622458036" onClick='toggleBox("Output-1622458036", this, "Show output", "Hide output");'>Show output</a>

<a href="#Output-1622458036" onClick="toggleAllBoxes();">Show all outputs</a>
<div class='log' id="Output-1622458036">
Starting test method:TC_02_Verify_auto_addressFillUp<br/>
 Enter value : myFirstTestCompanyName<br/>
Selecting from dropdown value as : Greece<br/>
Selecting from dropdown value as : Insurance Agency<br/>
Selecting from dropdown value as : 6-10<br/>
Selecting from dropdown value as : I am a tech guy<br/>
TC_02_Verify_auto_addressFillUp is Failed<br/>
Click to see Screenshot<br/>
<a href=C:\Users\Plamen\eclipse-workspace\insly\screenshots\Tue_May_07_00_26_51_EEST_2019.png></a><br/>
<br>  <img src='C:\Users\Plamen\eclipse-workspace\insly\screenshots\Tue_May_07_00_26_51_EEST_2019.png' height='200' width='200' /><br><br/>
<a target="_blank" href=C:\Users\Plamen\eclipse-workspace\insly\screenshots\Tue_May_07_00_26_51_EEST_2019.png>Screenshot</a><br/>
</div>
</td>
<td><div><pre>com.assertthat.selenium_shutterbug.utils.image.UnableToCompareImagesException: Images dimensions mismatch: image1 - 3797x3755; image2 - 1898x1867
	at com.assertthat.selenium_shutterbug.utils.image.ImageProcessor.imagesAreEqualsWithDiff(ImageProcessor.java:155)
	at com.assertthat.selenium_shutterbug.core.Snapshot.equalsWithDiff(Snapshot.java:215)
	at insly.base.imageComparator(base.java:178)
	at inslyTests.TC_02_verify_AutoFillUp.TC_02_Verify_auto_addressFillUp(TC_02_verify_AutoFillUp.java:38)
... Removed 25 stack frames</pre></div><a href='#' onClick='toggleBox("stack-trace1622458036", this, "Click to show all stack frames", "Click to hide stack frames")'>Click to show all stack frames</a>
<div class='stack-trace' id='stack-trace1622458036'><pre>com.assertthat.selenium_shutterbug.utils.image.UnableToCompareImagesException: Images dimensions mismatch: image1 - 3797x3755; image2 - 1898x1867
	at com.assertthat.selenium_shutterbug.utils.image.ImageProcessor.imagesAreEqualsWithDiff(ImageProcessor.java:155)
	at com.assertthat.selenium_shutterbug.core.Snapshot.equalsWithDiff(Snapshot.java:215)
	at insly.base.imageComparator(base.java:178)
	at inslyTests.TC_02_verify_AutoFillUp.TC_02_Verify_auto_addressFillUp(TC_02_verify_AutoFillUp.java:38)
	at sun.reflect.NativeMethodAccessorImpl.invoke0(Native Method)
	at sun.reflect.NativeMethodAccessorImpl.invoke(NativeMethodAccessorImpl.java:62)
	at sun.reflect.DelegatingMethodAccessorImpl.invoke(DelegatingMethodAccessorImpl.java:43)
	at java.lang.reflect.Method.invoke(Method.java:498)
	at org.testng.internal.MethodInvocationHelper.invokeMethod(MethodInvocationHelper.java:124)
	at org.testng.internal.Invoker.invokeMethod(Invoker.java:580)
	at org.testng.internal.Invoker.invokeTestMethod(Invoker.java:716)
	at org.testng.internal.Invoker.invokeTestMethods(Invoker.java:988)
	at org.testng.internal.TestMethodWorker.invokeTestMethods(TestMethodWorker.java:125)
	at org.testng.internal.TestMethodWorker.run(TestMethodWorker.java:109)
	at org.testng.TestRunner.privateRun(TestRunner.java:648)
	at org.testng.TestRunner.run(TestRunner.java:505)
	at org.testng.SuiteRunner.runTest(SuiteRunner.java:455)
	at org.testng.SuiteRunner.runSequentially(SuiteRunner.java:450)
	at org.testng.SuiteRunner.privateRun(SuiteRunner.java:415)
	at org.testng.SuiteRunner.run(SuiteRunner.java:364)
	at org.testng.SuiteRunnerWorker.runSuite(SuiteRunnerWorker.java:52)
	at org.testng.SuiteRunnerWorker.run(SuiteRunnerWorker.java:84)
	at org.testng.TestNG.runSuitesSequentially(TestNG.java:1208)
	at org.testng.TestNG.runSuitesLocally(TestNG.java:1137)
	at org.testng.TestNG.runSuites(TestNG.java:1049)
	at org.testng.TestNG.run(TestNG.java:1017)
	at org.testng.remote.AbstractRemoteTestNG.run(AbstractRemoteTestNG.java:114)
	at org.testng.remote.RemoteTestNG.initAndRun(RemoteTestNG.java:251)
	at org.testng.remote.RemoteTestNG.main(RemoteTestNG.java:77)
</pre></div></td>
<td>5</td>
<td>inslyTests.TC_02_verify_AutoFillUp@701fc37a</td></tr>
<tr>
<td title='inslyTests.TC_03_SignUp_and_Verify_URL.TC_03_SignUp_and_Verify_loginURL()'><b>TC_03_SignUp_and_Verify_loginURL</b><br>Test class: inslyTests.TC_03_SignUp_and_Verify_URL<br>Test method: Admin Accoount details form fill,storing the suggested password<br>Parameters: nswuposc, Greece, Insurance Agency, 6-10, I am a tech guy, stvxzlwg@email.com, Some Manager, 123456789<br/>
<a href="#Output-149225732" onClick='toggleBox("Output-149225732", this, "Show output", "Hide output");'>Show output</a>

<a href="#Output-149225732" onClick="toggleAllBoxes();">Show all outputs</a>
<div class='log' id="Output-149225732">
Starting test method:TC_03_SignUp_and_Verify_loginURL<br/>
 Enter value : nswuposc<br/>
Selecting from dropdown value as : Greece<br/>
Selecting from dropdown value as : Insurance Agency<br/>
Selecting from dropdown value as : 6-10<br/>
Selecting from dropdown value as : I am a tech guy<br/>
 Enter value : stvxzlwg@email.com<br/>
The generated String is  :stvxzlwg@email.com<br/>
 Enter value : Some Manager<br/>
 Enter value : 123456789<br/>
The generated Secured Password from insly is  :Dw5-n7H-959-uMa<br/>
All elements from Loading Page are Displayed<br/>
TC_03_SignUp_and_Verify_loginURL is Failed<br/>
Click to see Screenshot<br/>
<a href=C:\Users\Plamen\eclipse-workspace\insly\screenshots\Tue_May_07_00_27_34_EEST_2019.png></a><br/>
<br>  <img src='C:\Users\Plamen\eclipse-workspace\insly\screenshots\Tue_May_07_00_27_34_EEST_2019.png' height='200' width='200' /><br><br/>
<a target="_blank" href=C:\Users\Plamen\eclipse-workspace\insly\screenshots\Tue_May_07_00_27_34_EEST_2019.png>Screenshot</a><br/>
</div>
</td>
<td><div><pre>java.lang.AssertionError: expected [true] but found [false]
	at insly.base.URLverify(base.java:334)
	at inslyTests.TC_03_SignUp_and_Verify_URL.TC_03_SignUp_and_Verify_loginURL(TC_03_SignUp_and_Verify_URL.java:74)
... Removed 29 stack frames</pre></div><a href='#' onClick='toggleBox("stack-trace149225732", this, "Click to show all stack frames", "Click to hide stack frames")'>Click to show all stack frames</a>
<div class='stack-trace' id='stack-trace149225732'><pre>java.lang.AssertionError: expected [true] but found [false]
	at org.testng.Assert.fail(Assert.java:96)
	at org.testng.Assert.failNotEquals(Assert.java:776)
	at org.testng.Assert.assertTrue(Assert.java:44)
	at org.testng.Assert.assertTrue(Assert.java:54)
	at insly.base.URLverify(base.java:334)
	at inslyTests.TC_03_SignUp_and_Verify_URL.TC_03_SignUp_and_Verify_loginURL(TC_03_SignUp_and_Verify_URL.java:74)
	at sun.reflect.NativeMethodAccessorImpl.invoke0(Native Method)
	at sun.reflect.NativeMethodAccessorImpl.invoke(NativeMethodAccessorImpl.java:62)
	at sun.reflect.DelegatingMethodAccessorImpl.invoke(DelegatingMethodAccessorImpl.java:43)
	at java.lang.reflect.Method.invoke(Method.java:498)
	at org.testng.internal.MethodInvocationHelper.invokeMethod(MethodInvocationHelper.java:124)
	at org.testng.internal.Invoker.invokeMethod(Invoker.java:580)
	at org.testng.internal.Invoker.invokeTestMethod(Invoker.java:716)
	at org.testng.internal.Invoker.invokeTestMethods(Invoker.java:988)
	at org.testng.internal.TestMethodWorker.invokeTestMethods(TestMethodWorker.java:125)
	at org.testng.internal.TestMethodWorker.run(TestMethodWorker.java:109)
	at org.testng.TestRunner.privateRun(TestRunner.java:648)
	at org.testng.TestRunner.run(TestRunner.java:505)
	at org.testng.SuiteRunner.runTest(SuiteRunner.java:455)
	at org.testng.SuiteRunner.runSequentially(SuiteRunner.java:450)
	at org.testng.SuiteRunner.privateRun(SuiteRunner.java:415)
	at org.testng.SuiteRunner.run(SuiteRunner.java:364)
	at org.testng.SuiteRunnerWorker.runSuite(SuiteRunnerWorker.java:52)
	at org.testng.SuiteRunnerWorker.run(SuiteRunnerWorker.java:84)
	at org.testng.TestNG.runSuitesSequentially(TestNG.java:1208)
	at org.testng.TestNG.runSuitesLocally(TestNG.java:1137)
	at org.testng.TestNG.runSuites(TestNG.java:1049)
	at org.testng.TestNG.run(TestNG.java:1017)
	at org.testng.remote.AbstractRemoteTestNG.run(AbstractRemoteTestNG.java:114)
	at org.testng.remote.RemoteTestNG.initAndRun(RemoteTestNG.java:251)
	at org.testng.remote.RemoteTestNG.main(RemoteTestNG.java:77)
</pre></div></td>
<td>22</td>
<td>inslyTests.TC_03_SignUp_and_Verify_URL@4148db48</td></tr>
<tr>
<td title='inslyTests.TC_04_SignUp_and_verify_LogedIn_as_User.TC_04_SignUp_and_verify_LogedIn_as_User()'><b>TC_04_SignUp_and_verify_LogedIn_as_User</b><br>Test class: inslyTests.TC_04_SignUp_and_verify_LogedIn_as_User<br>Test method: SignUp_and_verify_LogedIn_as_User<br>Parameters: lsbziuiq, Greece, Insurance Agency, 6-10, I am a tech guy, kcvnduiq@email.com, Some Manager, 123456789<br/>
<a href="#Output-1777443462" onClick='toggleBox("Output-1777443462", this, "Show output", "Hide output");'>Show output</a>

<a href="#Output-1777443462" onClick="toggleAllBoxes();">Show all outputs</a>
<div class='log' id="Output-1777443462">
Starting test method:TC_04_SignUp_and_verify_LogedIn_as_User<br/>
 Enter value : lsbziuiq<br/>
Selecting from dropdown value as : Greece<br/>
Selecting from dropdown value as : Insurance Agency<br/>
Selecting from dropdown value as : 6-10<br/>
Selecting from dropdown value as : I am a tech guy<br/>
 Enter value : kcvnduiq@email.com<br/>
The generated String is  :kcvnduiq@email.com<br/>
 Enter value : Some Manager<br/>
 Enter value : 123456789<br/>
The generated Secured Password from insly is  :BTt-Xc4-egB-QrM<br/>
All elements from Loading Page are Displayed<br/>
TC_04_SignUp_and_verify_LogedIn_as_User is Failed<br/>
Click to see Screenshot<br/>
<a href=C:\Users\Plamen\eclipse-workspace\insly\screenshots\Tue_May_07_00_28_24_EEST_2019.png></a><br/>
<br>  <img src='C:\Users\Plamen\eclipse-workspace\insly\screenshots\Tue_May_07_00_28_24_EEST_2019.png' height='200' width='200' /><br><br/>
<a target="_blank" href=C:\Users\Plamen\eclipse-workspace\insly\screenshots\Tue_May_07_00_28_24_EEST_2019.png>Screenshot</a><br/>
</div>
</td>
<td><div><pre>java.lang.AssertionError: expected [true] but found [false]
	at insly.base.URLverify(base.java:334)
	at inslyTests.TC_04_SignUp_and_verify_LogedIn_as_User.TC_04_SignUp_and_verify_LogedIn_as_User(TC_04_SignUp_and_verify_LogedIn_as_User.java:82)
... Removed 29 stack frames</pre></div><a href='#' onClick='toggleBox("stack-trace1777443462", this, "Click to show all stack frames", "Click to hide stack frames")'>Click to show all stack frames</a>
<div class='stack-trace' id='stack-trace1777443462'><pre>java.lang.AssertionError: expected [true] but found [false]
	at org.testng.Assert.fail(Assert.java:96)
	at org.testng.Assert.failNotEquals(Assert.java:776)
	at org.testng.Assert.assertTrue(Assert.java:44)
	at org.testng.Assert.assertTrue(Assert.java:54)
	at insly.base.URLverify(base.java:334)
	at inslyTests.TC_04_SignUp_and_verify_LogedIn_as_User.TC_04_SignUp_and_verify_LogedIn_as_User(TC_04_SignUp_and_verify_LogedIn_as_User.java:82)
	at sun.reflect.NativeMethodAccessorImpl.invoke0(Native Method)
	at sun.reflect.NativeMethodAccessorImpl.invoke(NativeMethodAccessorImpl.java:62)
	at sun.reflect.DelegatingMethodAccessorImpl.invoke(DelegatingMethodAccessorImpl.java:43)
	at java.lang.reflect.Method.invoke(Method.java:498)
	at org.testng.internal.MethodInvocationHelper.invokeMethod(MethodInvocationHelper.java:124)
	at org.testng.internal.Invoker.invokeMethod(Invoker.java:580)
	at org.testng.internal.Invoker.invokeTestMethod(Invoker.java:716)
	at org.testng.internal.Invoker.invokeTestMethods(Invoker.java:988)
	at org.testng.internal.TestMethodWorker.invokeTestMethods(TestMethodWorker.java:125)
	at org.testng.internal.TestMethodWorker.run(TestMethodWorker.java:109)
	at org.testng.TestRunner.privateRun(TestRunner.java:648)
	at org.testng.TestRunner.run(TestRunner.java:505)
	at org.testng.SuiteRunner.runTest(SuiteRunner.java:455)
	at org.testng.SuiteRunner.runSequentially(SuiteRunner.java:450)
	at org.testng.SuiteRunner.privateRun(SuiteRunner.java:415)
	at org.testng.SuiteRunner.run(SuiteRunner.java:364)
	at org.testng.SuiteRunnerWorker.runSuite(SuiteRunnerWorker.java:52)
	at org.testng.SuiteRunnerWorker.run(SuiteRunnerWorker.java:84)
	at org.testng.TestNG.runSuitesSequentially(TestNG.java:1208)
	at org.testng.TestNG.runSuitesLocally(TestNG.java:1137)
	at org.testng.TestNG.runSuites(TestNG.java:1049)
	at org.testng.TestNG.run(TestNG.java:1017)
	at org.testng.remote.AbstractRemoteTestNG.run(AbstractRemoteTestNG.java:114)
	at org.testng.remote.RemoteTestNG.initAndRun(RemoteTestNG.java:251)
	at org.testng.remote.RemoteTestNG.main(RemoteTestNG.java:77)
</pre></div></td>
<td>25</td>
<td>inslyTests.TC_04_SignUp_and_verify_LogedIn_as_User@282003e1</td></tr>
<tr>
<td title='inslyTests.TC_07_SignUp_and_Login.TC_07_SignUp_and_Login()'><b>TC_07_SignUp_and_Login</b><br>Test class: inslyTests.TC_07_SignUp_and_Login<br>Test method: SignUp_and_verify_LogedIn_as_User<br>Parameters: flqeqqix, Greece, Insurance Agency, 6-10, I am a tech guy, dceolyeo@email.com, Some Manager, 123456789<br/>
<a href="#Output-322561962" onClick='toggleBox("Output-322561962", this, "Show output", "Hide output");'>Show output</a>

<a href="#Output-322561962" onClick="toggleAllBoxes();">Show all outputs</a>
<div class='log' id="Output-322561962">
Starting test method:TC_07_SignUp_and_Login<br/>
 Enter value : flqeqqix<br/>
Selecting from dropdown value as : Greece<br/>
Selecting from dropdown value as : Insurance Agency<br/>
Selecting from dropdown value as : 6-10<br/>
Selecting from dropdown value as : I am a tech guy<br/>
 Enter value : dceolyeo@email.com<br/>
The generated String is  :dceolyeo@email.com<br/>
 Enter value : Some Manager<br/>
 Enter value : 123456789<br/>
The generated Secured Password from insly is  :8L6-y1t-37G-pRm<br/>
All elements from Loading Page are Displayed<br/>
TC_07_SignUp_and_Login is Failed<br/>
Click to see Screenshot<br/>
<a href=C:\Users\Plamen\eclipse-workspace\insly\screenshots\Tue_May_07_00_29_57_EEST_2019.png></a><br/>
<br>  <img src='C:\Users\Plamen\eclipse-workspace\insly\screenshots\Tue_May_07_00_29_57_EEST_2019.png' height='200' width='200' /><br><br/>
<a target="_blank" href=C:\Users\Plamen\eclipse-workspace\insly\screenshots\Tue_May_07_00_29_57_EEST_2019.png>Screenshot</a><br/>
</div>
</td>
<td><div><pre>java.lang.AssertionError: expected [true] but found [false]
	at insly.base.URLverify(base.java:334)
	at inslyTests.TC_07_SignUp_and_Login.TC_07_SignUp_and_Login(TC_07_SignUp_and_Login.java:76)
... Removed 29 stack frames</pre></div><a href='#' onClick='toggleBox("stack-trace322561962", this, "Click to show all stack frames", "Click to hide stack frames")'>Click to show all stack frames</a>
<div class='stack-trace' id='stack-trace322561962'><pre>java.lang.AssertionError: expected [true] but found [false]
	at org.testng.Assert.fail(Assert.java:96)
	at org.testng.Assert.failNotEquals(Assert.java:776)
	at org.testng.Assert.assertTrue(Assert.java:44)
	at org.testng.Assert.assertTrue(Assert.java:54)
	at insly.base.URLverify(base.java:334)
	at inslyTests.TC_07_SignUp_and_Login.TC_07_SignUp_and_Login(TC_07_SignUp_and_Login.java:76)
	at sun.reflect.NativeMethodAccessorImpl.invoke0(Native Method)
	at sun.reflect.NativeMethodAccessorImpl.invoke(NativeMethodAccessorImpl.java:62)
	at sun.reflect.DelegatingMethodAccessorImpl.invoke(DelegatingMethodAccessorImpl.java:43)
	at java.lang.reflect.Method.invoke(Method.java:498)
	at org.testng.internal.MethodInvocationHelper.invokeMethod(MethodInvocationHelper.java:124)
	at org.testng.internal.Invoker.invokeMethod(Invoker.java:580)
	at org.testng.internal.Invoker.invokeTestMethod(Invoker.java:716)
	at org.testng.internal.Invoker.invokeTestMethods(Invoker.java:988)
	at org.testng.internal.TestMethodWorker.invokeTestMethods(TestMethodWorker.java:125)
	at org.testng.internal.TestMethodWorker.run(TestMethodWorker.java:109)
	at org.testng.TestRunner.privateRun(TestRunner.java:648)
	at org.testng.TestRunner.run(TestRunner.java:505)
	at org.testng.SuiteRunner.runTest(SuiteRunner.java:455)
	at org.testng.SuiteRunner.runSequentially(SuiteRunner.java:450)
	at org.testng.SuiteRunner.privateRun(SuiteRunner.java:415)
	at org.testng.SuiteRunner.run(SuiteRunner.java:364)
	at org.testng.SuiteRunnerWorker.runSuite(SuiteRunnerWorker.java:52)
	at org.testng.SuiteRunnerWorker.run(SuiteRunnerWorker.java:84)
	at org.testng.TestNG.runSuitesSequentially(TestNG.java:1208)
	at org.testng.TestNG.runSuitesLocally(TestNG.java:1137)
	at org.testng.TestNG.runSuites(TestNG.java:1049)
	at org.testng.TestNG.run(TestNG.java:1017)
	at org.testng.remote.AbstractRemoteTestNG.run(AbstractRemoteTestNG.java:114)
	at org.testng.remote.RemoteTestNG.initAndRun(RemoteTestNG.java:251)
	at org.testng.remote.RemoteTestNG.main(RemoteTestNG.java:77)
</pre></div></td>
<td>22</td>
<td>inslyTests.TC_07_SignUp_and_Login@76329302</td></tr>
</table><p>
<table width='100%' border='1' class='invocation-passed'>
<tr><td colspan='4' align='center'><b>PASSED TESTS</b></td></tr>
<tr><td><b>Test method</b></td>
<td width="30%"><b>Exception</b></td>
<td width="10%"><b>Time (seconds)</b></td>
<td><b>Instance</b></td>
</tr>
<tr>
<td title='inslyTests.TC_05_SignUpForm_ErrorMessages.TC_05_VerifyFieldsErrorMessages()'><b>TC_05_VerifyFieldsErrorMessages</b><br>Test class: inslyTests.TC_05_SignUpForm_ErrorMessages<br>Test method: Verify correct Error messages are Displayed and CorrectText if no data is entered in the fields<br/>
<a href="#Output-2694936" onClick='toggleBox("Output-2694936", this, "Show output", "Hide output");'>Show output</a>

<a href="#Output-2694936" onClick="toggleAllBoxes();">Show all outputs</a>
<div class='log' id="Output-2694936">
Starting test method:TC_05_VerifyFieldsErrorMessages<br/>
Text : Please enter your company name here. - is Verified<br/>
Text : Please choose an address for your Insly database. - is Verified<br/>
Text : Please enter your e-mail address here. - is Verified<br/>
Text : Please enter your name here. - is Verified<br/>
Text : This does not appear to be a valid phone number. - is Verified<br/>
TC_05_VerifyFieldsErrorMessages is Passed<br/>
</div>
</td>
<td></td>
<td>2</td>
<td>inslyTests.TC_05_SignUpForm_ErrorMessages@7fad8c79</td></tr>
<tr>
<td title='inslyTests.TC_06_SignUpForm_ErrorMessages2.TC_06_SignUpForm_ErrorMessages2()'><b>TC_06_SignUpForm_ErrorMessages2</b><br>Test class: inslyTests.TC_06_SignUpForm_ErrorMessages2<br>Test method: Verify correct Error messages are Displayed and CorrectText if less than required data is entered in the fields<br>Parameters: qw, Greece, Insurance Agency, 6-10, I am a tech guy, qw, qw, 1<br/>
<a href="#Output-2101636817" onClick='toggleBox("Output-2101636817", this, "Show output", "Hide output");'>Show output</a>

<a href="#Output-2101636817" onClick="toggleAllBoxes();">Show all outputs</a>
<div class='log' id="Output-2101636817">
Starting test method:TC_06_SignUpForm_ErrorMessages2<br/>
 Enter value : qw<br/>
Selecting from dropdown value as : Greece<br/>
Selecting from dropdown value as : Insurance Agency<br/>
Selecting from dropdown value as : 6-10<br/>
Selecting from dropdown value as : I am a tech guy<br/>
 Enter value : qw<br/>
The generated String is  :qw<br/>
 Enter value : qw<br/>
 Enter value : 1<br/>
Text : The company name must be at least 3 characters long. - is Verified<br/>
 Enter value : qw<br/>
Text : The address tag must be at least 3 characters long. - is Verified<br/>
Text : This does not appear to be a valid e-mail address. - is Verified<br/>
Text : Please enter your full name. - is Verified<br/>
Text : This does not appear to be a valid phone number. - is Verified<br/>
TC_06_SignUpForm_ErrorMessages2 is Passed<br/>
</div>
</td>
<td></td>
<td>2</td>
<td>inslyTests.TC_06_SignUpForm_ErrorMessages2@71a794e5</td></tr>
</table><p>
</body>
</html>